<?xml version="1.0" encoding="UTF-8"?>
<!-- Generated by org.testng.reporters.JUnitReportReporter -->
<testsuite hostname="manohar-PC" name="scripts.Testcase001" tests="1" failures="0" timestamp="14 Sep 2019 19:26:22 GMT" time="31.833" errors="0">
  <testcase name="validlogin" time="31.833" classname="scripts.Testcase001"/>
</testsuite> <!-- scripts.Testcase001 -->
